8C9B .START phpCAS-1.3.3 ****************** [CAS.php:438]
8C9B .=> phpCAS::client('2.0', 'sact.uab.cat', 443, '') [index.php:12]
8C9B .|    => CAS_Client::__construct('2.0', false, 'sact.uab.cat', 443, '', true) [CAS.php:338]
8C9B .|    |    Starting a new session b0vhun570ebojehq5m5pfjp47q [Client.php:906]
8C9B .|    <= ''
8C9B .<= ''
8C9B .=> phpCAS::setNoCasServerValidation() [index.php:21]
8C9B .|    You have configured no validation of the legitimacy of the cas server. This is not recommended for production use. [CAS.php:1553]
8C9B .<= ''
8C9B .=> phpCAS::forceAuthentication() [index.php:24]
8C9B .|    => CAS_Client::forceAuthentication() [CAS.php:1015]
8C9B .|    |    => CAS_Client::isAuthenticated() [Client.php:1245]
8C9B .|    |    |    => CAS_Client::_wasPreviouslyAuthenticated() [Client.php:1356]
8C9B .|    |    |    |    no user found [Client.php:1592]
8C9B .|    |    |    <= false
8C9B .|    |    |    no ticket found [Client.php:1453]
8C9B .|    |    <= false
8C9B .|    |    => CAS_Client::redirectToCas(false) [Client.php:1254]
8C9B .|    |    |    => CAS_Client::getServerLoginURL(false, false) [Client.php:1613]
8C9B .|    |    |    |    => CAS_Client::getURL() [Client.php:342]
8C9B .|    |    |    |    |    Final URI: http://localhost/proyecto/ [Client.php:3466]
8C9B .|    |    |    |    <= 'http://localhost/proyecto/'
8C9B .|    |    |    <= 'https://sact.uab.cat/login?service=http%3A%2F%2Flocalhost%2Fproyecto%2F'
8C9B .|    |    |    Redirect to : https://sact.uab.cat/login?service=http%3A%2F%2Flocalhost%2Fproyecto%2F [Client.php:1620]
8C9B .|    |    |    exit()
8C9B .|    |    |    -
8C9B .|    |    -
8C9B .|    -
F04A .START phpCAS-1.3.3 ****************** [CAS.php:438]
F04A .=> phpCAS::client('2.0', 'sact.uab.cat', 443, '') [logout.php:12]
F04A .|    => CAS_Client::__construct('2.0', false, 'sact.uab.cat', 443, '', true) [CAS.php:338]
F04A .|    |    Starting a new session fmmgi1t8qn5ss6m65brrte3fdl [Client.php:906]
F04A .|    <= ''
F04A .<= ''
F04A .=> phpCAS::logout() [logout.php:13]
F04A .|    => CAS_Client::logout(array ()) [CAS.php:1359]
F04A .|    |    Prepare redirect to : https://sact.uab.cat/logout [Client.php:1653]
F04A .|    |    exit()
F04A .|    |    -
F04A .|    -
